#
# There is insufficient memory for the Java Runtime Environment to continue.
# Native memory allocation (malloc) failed to allocate 1087136 bytes. Error detail: Chunk::new
# Possible reasons:
#   The system is out of physical RAM or swap space
#   This process is running with CompressedOops enabled, and the Java Heap may be blocking the growth of the native heap
# Possible solutions:
#   Reduce memory load on the system
#   Increase physical memory or swap space
#   Check if swap backing store is full
#   Decrease Java heap size (-Xmx/-Xms)
#   Decrease number of Java threads
#   Decrease Java thread stack sizes (-Xss)
#   Set larger code cache with -XX:ReservedCodeCacheSize=
#   JVM is running with Unscaled Compressed Oops mode in which the Java heap is
#     placed in the first 4GB address space. The Java Heap base address is the
#     maximum limit for the native heap growth. Please use -XX:HeapBaseMinAddress
#     to set the Java Heap base and to place the Java Heap above 4GB virtual address.
# This output file may be truncated or incomplete.
#
#  Out of Memory Error (arena.cpp:191), pid=2408, tid=16420
#
# JRE version: OpenJDK Runtime Environment Microsoft-11926163 (17.0.16+8) (build 17.0.16+8-LTS)
# Java VM: OpenJDK 64-Bit Server VM Microsoft-11926163 (17.0.16+8-LTS, mixed mode, sharing, tiered, compressed oops, compressed class ptrs, g1 gc, windows-amd64)
# No core dump will be written. Minidumps are not enabled by default on client versions of Windows
#

---------------  S U M M A R Y ------------

Command Line: -Xmx64m -Xms64m -Dorg.gradle.appname=gradlew C:\Users\admin\Desktop\hardware-showcase\kp-hardware\android\\gradle\wrapper\gradle-wrapper.jar app:installDebug -PreactNativeDevServerPort=8081

Host: Intel(R) Core(TM) i5-6300U CPU @ 2.40GHz, 4 cores, 7G,  Windows 10 , 64 bit Build 19041 (10.0.19041.5915)
Time: Sat Jun 20 16:55:10 2026 India Standard Time elapsed time: 631.106283 seconds (0d 0h 10m 31s)

---------------  T H R E A D  ---------------

Current thread (0x000001ec663ee5a0):  JavaThread "C2 CompilerThread0" daemon [_thread_in_native, id=16420, stack(0x000000d173f00000,0x000000d174000000)]


Current CompileTask:
C2: 631106 1905       4       org.gradle.internal.logging.console.WorkInProgressRenderer::renderNow (351 bytes)

Stack: [0x000000d173f00000,0x000000d174000000]
Native frames: (J=compiled Java code, j=interpreted, Vv=VM code, C=native code)
V  [jvm.dll+0x68ee19]
V  [jvm.dll+0x846249]
V  [jvm.dll+0x847fb8]
V  [jvm.dll+0x848643]
V  [jvm.dll+0x24cf6f]
V  [jvm.dll+0xaecb6]
V  [jvm.dll+0xaf35c]
V  [jvm.dll+0x2b4baf]
V  [jvm.dll+0x594a14]
V  [jvm.dll+0x226d84]
V  [jvm.dll+0x21fcde]
V  [jvm.dll+0x21d260]
V  [jvm.dll+0x1a8ce6]
V  [jvm.dll+0x22db1b]
V  [jvm.dll+0x22bca6]
V  [jvm.dll+0x7fba9b]
V  [jvm.dll+0x7f5e9c]
V  [jvm.dll+0x68dd27]
C  [ucrtbase.dll+0x21bb2]
C  [KERNEL32.DLL+0x17374]
C  [ntdll.dll+0x4cc91]


---------------  P R O C E S S  ---------------

Threads class SMR info:
_java_thread_list=0x000001ec6650ab80, length=13, elements={
0x000001ec4b04e550, 0x000001ec663ce8f0, 0x000001ec663cfd80, 0x000001ec663e7290,
0x000001ec663e9260, 0x000001ec663eae30, 0x000001ec663ed800, 0x000001ec663ee5a0,
0x000001ec663f1c80, 0x000001ec66461d40, 0x000001ec664c07a0, 0x000001ec664c34e0,
0x000001ec6b9cd940
}

Java Threads: ( => current thread )
  0x000001ec4b04e550 JavaThread "main" [_thread_in_native, id=10400, stack(0x000000d173100000,0x000000d173200000)]
  0x000001ec663ce8f0 JavaThread "Reference Handler" daemon [_thread_blocked, id=17304, stack(0x000000d173900000,0x000000d173a00000)]
  0x000001ec663cfd80 JavaThread "Finalizer" daemon [_thread_blocked, id=1412, stack(0x000000d173a00000,0x000000d173b00000)]
  0x000001ec663e7290 JavaThread "Signal Dispatcher" daemon [_thread_blocked, id=7316, stack(0x000000d173b00000,0x000000d173c00000)]
  0x000001ec663e9260 JavaThread "Attach Listener" daemon [_thread_blocked, id=19388, stack(0x000000d173c00000,0x000000d173d00000)]
  0x000001ec663eae30 JavaThread "Service Thread" daemon [_thread_blocked, id=10760, stack(0x000000d173d00000,0x000000d173e00000)]
  0x000001ec663ed800 JavaThread "Monitor Deflation Thread" daemon [_thread_blocked, id=17740, stack(0x000000d173e00000,0x000000d173f00000)]
=>0x000001ec663ee5a0 JavaThread "C2 CompilerThread0" daemon [_thread_in_native, id=16420, stack(0x000000d173f00000,0x000000d174000000)]
  0x000001ec663f1c80 JavaThread "C1 CompilerThread0" daemon [_thread_blocked, id=9636, stack(0x000000d174000000,0x000000d174100000)]
  0x000001ec66461d40 JavaThread "Sweeper thread" daemon [_thread_blocked, id=4804, stack(0x000000d174100000,0x000000d174200000)]
  0x000001ec664c07a0 JavaThread "Notification Thread" daemon [_thread_blocked, id=4488, stack(0x000000d174200000,0x000000d174300000)]
  0x000001ec664c34e0 JavaThread "Common-Cleaner" daemon [_thread_blocked, id=18476, stack(0x000000d174400000,0x000000d174500000)]
  0x000001ec6b9cd940 JavaThread "pool-1-thread-1" [_thread_in_native, id=1908, stack(0x000000d174a00000,0x000000d174b00000)]

Other Threads:
  0x000001ec663c9230 VMThread "VM Thread" [stack: 0x000000d173800000,0x000000d173900000] [id=3040]
  0x000001ec664c3090 WatcherThread [stack: 0x000000d174300000,0x000000d174400000] [id=16972]
  0x000001ec4d25de00 GCTaskThread "GC Thread#0" [stack: 0x000000d173300000,0x000000d173400000] [id=1616]
  0x000001ec666add60 GCTaskThread "GC Thread#1" [stack: 0x000000d174500000,0x000000d174600000] [id=8664]
  0x000001ec666ae4a0 GCTaskThread "GC Thread#2" [stack: 0x000000d174600000,0x000000d174700000] [id=12668]
  0x000001ec667c0ed0 GCTaskThread "GC Thread#3" [stack: 0x000000d174700000,0x000000d174800000] [id=17868]
  0x000001ec4d25f550 ConcurrentGCThread "G1 Main Marker" [stack: 0x000000d173400000,0x000000d173500000] [id=9820]
  0x000001ec4d25ff70 ConcurrentGCThread "G1 Conc#0" [stack: 0x000000d173500000,0x000000d173600000] [id=16876]
  0x000001ec4d2abd50 ConcurrentGCThread "G1 Refine#0" [stack: 0x000000d173600000,0x000000d173700000] [id=15276]
  0x000001ec6b12f530 ConcurrentGCThread "G1 Refine#1" [stack: 0x000000d174800000,0x000000d174900000] [id=6504]
  0x000001ec4d2ac780 ConcurrentGCThread "G1 Service" [stack: 0x000000d173700000,0x000000d173800000] [id=13972]

Threads with active compile tasks:
C2 CompilerThread0   631186 1905       4       org.gradle.internal.logging.console.WorkInProgressRenderer::renderNow (351 bytes)

VM state: not at safepoint (normal execution)

VM Mutex/Monitor currently owned by a thread: None

Heap address: 0x00000000fc000000, size: 64 MB, Compressed Oops mode: 32-bit

CDS archive(s) mapped at: [0x000001ec00000000-0x000001ec00bb0000-0x000001ec00bb0000), size 12255232, SharedBaseAddress: 0x000001ec00000000, ArchiveRelocationMode: 1.
Compressed class space mapped at: 0x000001ec01000000-0x000001ec41000000, reserved size: 1073741824
Narrow klass base: 0x000001ec00000000, Narrow klass shift: 0, Narrow klass range: 0x100000000

GC Precious Log:
 CPUs: 4 total, 4 available
 Memory: 8071M
 Large Page Support: Disabled
 NUMA Support: Disabled
 Compressed Oops: Enabled (32-bit)
 Heap Region Size: 1M
 Heap Min Capacity: 64M
 Heap Initial Capacity: 64M
 Heap Max Capacity: 64M
 Pre-touch: Disabled
 Parallel Workers: 4
 Concurrent Workers: 1
 Concurrent Refinement Workers: 4
 Periodic GC: Disabled

Heap:
 garbage-first heap   total 65536K, used 17495K [0x00000000fc000000, 0x0000000100000000)
  region size 1024K, 10 young (10240K), 5 survivors (5120K)
 Metaspace       used 9736K, committed 9984K, reserved 1114112K
  class space    used 1261K, committed 1408K, reserved 1048576K

Heap Regions: E=young(eden), S=young(survivor), O=old, HS=humongous(starts), HC=humongous(continues), CS=collection set, F=free, OA=open archive, CA=closed archive, TAMS=top-at-mark-start (previous, next)
|   0|0x00000000fc000000, 0x00000000fc100000, 0x00000000fc100000|100%| O|  |TAMS 0x00000000fc000000, 0x00000000fc000000| Untracked 
|   1|0x00000000fc100000, 0x00000000fc200000, 0x00000000fc200000|100%| O|  |TAMS 0x00000000fc100000, 0x00000000fc100000| Untracked 
|   2|0x00000000fc200000, 0x00000000fc300000, 0x00000000fc300000|100%| O|  |TAMS 0x00000000fc200000, 0x00000000fc200000| Untracked 
|   3|0x00000000fc300000, 0x00000000fc400000, 0x00000000fc400000|100%|HS|  |TAMS 0x00000000fc300000, 0x00000000fc300000| Complete 
|   4|0x00000000fc400000, 0x00000000fc500000, 0x00000000fc500000|100%|HC|  |TAMS 0x00000000fc400000, 0x00000000fc400000| Complete 
|   5|0x00000000fc500000, 0x00000000fc600000, 0x00000000fc600000|100%|HC|  |TAMS 0x00000000fc500000, 0x00000000fc500000| Complete 
|   6|0x00000000fc600000, 0x00000000fc700000, 0x00000000fc700000|100%|HC|  |TAMS 0x00000000fc600000, 0x00000000fc600000| Complete 
|   7|0x00000000fc700000, 0x00000000fc800000, 0x00000000fc800000|100%| O|  |TAMS 0x00000000fc700000, 0x00000000fc700000| Untracked 
|   8|0x00000000fc800000, 0x00000000fc815c00, 0x00000000fc900000|  8%| O|  |TAMS 0x00000000fc800000, 0x00000000fc800000| Untracked 
|   9|0x00000000fc900000, 0x00000000fc900000, 0x00000000fca00000|  0%| F|  |TAMS 0x00000000fc900000, 0x00000000fc900000| Untracked 
|  10|0x00000000fca00000, 0x00000000fca00000, 0x00000000fcb00000|  0%| F|  |TAMS 0x00000000fca00000, 0x00000000fca00000| Untracked 
|  11|0x00000000fcb00000, 0x00000000fcb00000, 0x00000000fcc00000|  0%| F|  |TAMS 0x00000000fcb00000, 0x00000000fcb00000| Untracked 
|  12|0x00000000fcc00000, 0x00000000fcc00000, 0x00000000fcd00000|  0%| F|  |TAMS 0x00000000fcc00000, 0x00000000fcc00000| Untracked 
|  13|0x00000000fcd00000, 0x00000000fcd00000, 0x00000000fce00000|  0%| F|  |TAMS 0x00000000fcd00000, 0x00000000fcd00000| Untracked 
|  14|0x00000000fce00000, 0x00000000fce00000, 0x00000000fcf00000|  0%| F|  |TAMS 0x00000000fce00000, 0x00000000fce00000| Untracked 
|  15|0x00000000fcf00000, 0x00000000fcf00000, 0x00000000fd000000|  0%| F|  |TAMS 0x00000000fcf00000, 0x00000000fcf00000| Untracked 
|  16|0x00000000fd000000, 0x00000000fd000000, 0x00000000fd100000|  0%| F|  |TAMS 0x00000000fd000000, 0x00000000fd000000| Untracked 
|  17|0x00000000fd100000, 0x00000000fd100000, 0x00000000fd200000|  0%| F|  |TAMS 0x00000000fd100000, 0x00000000fd100000| Untracked 
|  18|0x00000000fd200000, 0x00000000fd200000, 0x00000000fd300000|  0%| F|  |TAMS 0x00000000fd200000, 0x00000000fd200000| Untracked 
|  19|0x00000000fd300000, 0x00000000fd300000, 0x00000000fd400000|  0%| F|  |TAMS 0x00000000fd300000, 0x00000000fd300000| Untracked 
|  20|0x00000000fd400000, 0x00000000fd400000, 0x00000000fd500000|  0%| F|  |TAMS 0x00000000fd400000, 0x00000000fd400000| Untracked 
|  21|0x00000000fd500000, 0x00000000fd600000, 0x00000000fd600000|100%| S|CS|TAMS 0x00000000fd500000, 0x00000000fd500000| Complete 
|  22|0x00000000fd600000, 0x00000000fd700000, 0x00000000fd700000|100%| S|CS|TAMS 0x00000000fd600000, 0x00000000fd600000| Complete 
|  23|0x00000000fd700000, 0x00000000fd800000, 0x00000000fd800000|100%| S|CS|TAMS 0x00000000fd700000, 0x00000000fd700000| Complete 
|  24|0x00000000fd800000, 0x00000000fd900000, 0x00000000fd900000|100%| S|CS|TAMS 0x00000000fd800000, 0x00000000fd800000| Complete 
|  25|0x00000000fd900000, 0x00000000fda00000, 0x00000000fda00000|100%| S|CS|TAMS 0x00000000fd900000, 0x00000000fd900000| Complete 
|  26|0x00000000fda00000, 0x00000000fda00000, 0x00000000fdb00000|  0%| F|  |TAMS 0x00000000fda00000, 0x00000000fda00000| Untracked 
|  27|0x00000000fdb00000, 0x00000000fdb00000, 0x00000000fdc00000|  0%| F|  |TAMS 0x00000000fdb00000, 0x00000000fdb00000| Untracked 
|  28|0x00000000fdc00000, 0x00000000fdc00000, 0x00000000fdd00000|  0%| F|  |TAMS 0x00000000fdc00000, 0x00000000fdc00000| Untracked 
|  29|0x00000000fdd00000, 0x00000000fdd00000, 0x00000000fde00000|  0%| F|  |TAMS 0x00000000fdd00000, 0x00000000fdd00000| Untracked 
|  30|0x00000000fde00000, 0x00000000fde00000, 0x00000000fdf00000|  0%| F|  |TAMS 0x00000000fde00000, 0x00000000fde00000| Untracked 
|  31|0x00000000fdf00000, 0x00000000fdf00000, 0x00000000fe000000|  0%| F|  |TAMS 0x00000000fdf00000, 0x00000000fdf00000| Untracked 
|  32|0x00000000fe000000, 0x00000000fe000000, 0x00000000fe100000|  0%| F|  |TAMS 0x00000000fe000000, 0x00000000fe000000| Untracked 
|  33|0x00000000fe100000, 0x00000000fe100000, 0x00000000fe200000|  0%| F|  |TAMS 0x00000000fe100000, 0x00000000fe100000| Untracked 
|  34|0x00000000fe200000, 0x00000000fe200000, 0x00000000fe300000|  0%| F|  |TAMS 0x00000000fe200000, 0x00000000fe200000| Untracked 
|  35|0x00000000fe300000, 0x00000000fe300000, 0x00000000fe400000|  0%| F|  |TAMS 0x00000000fe300000, 0x00000000fe300000| Untracked 
|  36|0x00000000fe400000, 0x00000000fe400000, 0x00000000fe500000|  0%| F|  |TAMS 0x00000000fe400000, 0x00000000fe400000| Untracked 
|  37|0x00000000fe500000, 0x00000000fe500000, 0x00000000fe600000|  0%| F|  |TAMS 0x00000000fe500000, 0x00000000fe500000| Untracked 
|  38|0x00000000fe600000, 0x00000000fe600000, 0x00000000fe700000|  0%| F|  |TAMS 0x00000000fe600000, 0x00000000fe600000| Untracked 
|  39|0x00000000fe700000, 0x00000000fe700000, 0x00000000fe800000|  0%| F|  |TAMS 0x00000000fe700000, 0x00000000fe700000| Untracked 
|  40|0x00000000fe800000, 0x00000000fe800000, 0x00000000fe900000|  0%| F|  |TAMS 0x00000000fe800000, 0x00000000fe800000| Untracked 
|  41|0x00000000fe900000, 0x00000000fe900000, 0x00000000fea00000|  0%| F|  |TAMS 0x00000000fe900000, 0x00000000fe900000| Untracked 
|  42|0x00000000fea00000, 0x00000000fea00000, 0x00000000feb00000|  0%| F|  |TAMS 0x00000000fea00000, 0x00000000fea00000| Untracked 
|  43|0x00000000feb00000, 0x00000000feb00000, 0x00000000fec00000|  0%| F|  |TAMS 0x00000000feb00000, 0x00000000feb00000| Untracked 
|  44|0x00000000fec00000, 0x00000000fec00000, 0x00000000fed00000|  0%| F|  |TAMS 0x00000000fec00000, 0x00000000fec00000| Untracked 
|  45|0x00000000fed00000, 0x00000000fed00000, 0x00000000fee00000|  0%| F|  |TAMS 0x00000000fed00000, 0x00000000fed00000| Untracked 
|  46|0x00000000fee00000, 0x00000000fee00000, 0x00000000fef00000|  0%| F|  |TAMS 0x00000000fee00000, 0x00000000fee00000| Untracked 
|  47|0x00000000fef00000, 0x00000000fef00000, 0x00000000ff000000|  0%| F|  |TAMS 0x00000000fef00000, 0x00000000fef00000| Untracked 
|  48|0x00000000ff000000, 0x00000000ff000000, 0x00000000ff100000|  0%| F|  |TAMS 0x00000000ff000000, 0x00000000ff000000| Untracked 
|  49|0x00000000ff100000, 0x00000000ff100000, 0x00000000ff200000|  0%| F|  |TAMS 0x00000000ff100000, 0x00000000ff100000| Untracked 
|  50|0x00000000ff200000, 0x00000000ff200000, 0x00000000ff300000|  0%| F|  |TAMS 0x00000000ff200000, 0x00000000ff200000| Untracked 
|  51|0x00000000ff300000, 0x00000000ff300000, 0x00000000ff400000|  0%| F|  |TAMS 0x00000000ff300000, 0x00000000ff300000| Untracked 
|  52|0x00000000ff400000, 0x00000000ff400000, 0x00000000ff500000|  0%| F|  |TAMS 0x00000000ff400000, 0x00000000ff400000| Untracked 
|  53|0x00000000ff500000, 0x00000000ff500000, 0x00000000ff600000|  0%| F|  |TAMS 0x00000000ff500000, 0x00000000ff500000| Untracked 
|  54|0x00000000ff600000, 0x00000000ff600000, 0x00000000ff700000|  0%| F|  |TAMS 0x00000000ff600000, 0x00000000ff600000| Untracked 
|  55|0x00000000ff700000, 0x00000000ff700000, 0x00000000ff800000|  0%| F|  |TAMS 0x00000000ff700000, 0x00000000ff700000| Untracked 
|  56|0x00000000ff800000, 0x00000000ff800000, 0x00000000ff900000|  0%| F|  |TAMS 0x00000000ff800000, 0x00000000ff800000| Untracked 
|  57|0x00000000ff900000, 0x00000000ff900000, 0x00000000ffa00000|  0%| F|  |TAMS 0x00000000ff900000, 0x00000000ff900000| Untracked 
|  58|0x00000000ffa00000, 0x00000000ffa00000, 0x00000000ffb00000|  0%| F|  |TAMS 0x00000000ffa00000, 0x00000000ffa00000| Untracked 
|  59|0x00000000ffb00000, 0x00000000ffb344d8, 0x00000000ffc00000| 20%| E|  |TAMS 0x00000000ffb00000, 0x00000000ffb00000| Complete 
|  60|0x00000000ffc00000, 0x00000000ffd00000, 0x00000000ffd00000|100%| E|CS|TAMS 0x00000000ffc00000, 0x00000000ffc00000| Complete 
|  61|0x00000000ffd00000, 0x00000000ffe00000, 0x00000000ffe00000|100%| E|CS|TAMS 0x00000000ffd00000, 0x00000000ffd00000| Complete 
|  62|0x00000000ffe00000, 0x00000000fff00000, 0x00000000fff00000|100%| E|CS|TAMS 0x00000000ffe00000, 0x00000000ffe00000| Complete 
|  63|0x00000000fff00000, 0x0000000100000000, 0x0000000100000000|100%| E|CS|TAMS 0x00000000fff00000, 0x00000000fff00000| Complete 

Card table byte_map: [0x000001ec4d070000,0x000001ec4d090000] _byte_map_base: 0x000001ec4c890000

Marking Bits (Prev, Next): (CMBitMap*) 0x000001ec4d25e420, (CMBitMap*) 0x000001ec4d25e460
 Prev Bits: [0x000001ec4d0b0000, 0x000001ec4d1b0000)
 Next Bits: [0x000001ec63da0000, 0x000001ec63ea0000)

Polling page: 0x000001ec4ca00000

Metaspace:

Usage:
  Non-class:      8.28 MB used.
      Class:      1.23 MB used.
       Both:      9.51 MB used.

Virtual space:
  Non-class space:       64.00 MB reserved,       8.38 MB ( 13%) committed,  1 nodes.
      Class space:        1.00 GB reserved,       1.38 MB ( <1%) committed,  1 nodes.
             Both:        1.06 GB reserved,       9.75 MB ( <1%) committed. 

Chunk freelists:
   Non-Class:  7.39 MB
       Class:  14.48 MB
        Both:  21.87 MB

MaxMetaspaceSize: unlimited
CompressedClassSpaceSize: 1.00 GB
Initial GC threshold: 21.00 MB
Current GC threshold: 21.00 MB
CDS: on
MetaspaceReclaimPolicy: balanced
 - commit_granule_bytes: 65536.
 - commit_granule_words: 8192.
 - virtual_space_node_default_size: 8388608.
 - enlarge_chunks_in_place: 1.
 - new_chunks_are_fully_committed: 0.
 - uncommit_free_chunks: 1.
 - use_allocation_guard: 0.
 - handle_deallocations: 1.


Internal statistics:

num_allocs_failed_limit: 0.
num_arena_births: 80.
num_arena_deaths: 0.
num_vsnodes_births: 2.
num_vsnodes_deaths: 0.
num_space_committed: 156.
num_space_uncommitted: 0.
num_chunks_returned_to_freelist: 0.
num_chunks_taken_from_freelist: 360.
num_chunk_merges: 0.
num_chunk_splits: 237.
num_chunks_enlarged: 192.
num_inconsistent_stats: 0.

CodeHeap 'non-profiled nmethods': size=120000Kb used=857Kb max_used=857Kb free=119142Kb
 bounds [0x000001ec5c870000, 0x000001ec5cae0000, 0x000001ec63da0000]
CodeHeap 'profiled nmethods': size=120000Kb used=3544Kb max_used=3544Kb free=116456Kb
 bounds [0x000001ec54da0000, 0x000001ec55120000, 0x000001ec5c2d0000]
CodeHeap 'non-nmethods': size=5760Kb used=1169Kb max_used=1203Kb free=4590Kb
 bounds [0x000001ec5c2d0000, 0x000001ec5c540000, 0x000001ec5c870000]
 total_blobs=2368 nmethods=1901 adapters=380
 compilation: enabled
              stopped_count=0, restarted_count=0
 full_count=0

Compilation events (20 events):
Event: 512.049 Thread 0x000001ec663ee5a0 nmethod 1893 0x000001ec5c943210 code [0x000001ec5c9433e0, 0x000001ec5c943d78]
Event: 529.797 Thread 0x000001ec663f1c80 1894       3       org.gradle.internal.logging.sink.GroupingProgressLogEventGenerator$OperationGroup::canClaimForeground (35 bytes)
Event: 529.797 Thread 0x000001ec663f1c80 nmethod 1894 0x000001ec55114e10 code [0x000001ec55114fe0, 0x000001ec55115358]
Event: 544.326 Thread 0x000001ec663ee5a0 1895   !   4       net.rubygrapefruit.platform.internal.WindowsTerminal::getTerminalSize (84 bytes)
Event: 544.330 Thread 0x000001ec663ee5a0 nmethod 1895 0x000001ec5c944090 code [0x000001ec5c944240, 0x000001ec5c944688]
Event: 545.131 Thread 0x000001ec663ee5a0 1896       4       java.io.FilterOutputStream::flush (8 bytes)
Event: 545.134 Thread 0x000001ec663ee5a0 nmethod 1896 0x000001ec5c944890 code [0x000001ec5c944a40, 0x000001ec5c944be8]
Event: 545.134 Thread 0x000001ec663ee5a0 1897       4       org.fusesource.jansi.io.FastBufferedOutputStream::flush (12 bytes)
Event: 545.136 Thread 0x000001ec663ee5a0 nmethod 1897 0x000001ec5c944e10 code [0x000001ec5c944fa0, 0x000001ec5c9450e8]
Event: 547.526 Thread 0x000001ec663ee5a0 1898       4       org.gradle.internal.logging.events.StyledTextOutputEvent$Span::equals (63 bytes)
Event: 547.530 Thread 0x000001ec663ee5a0 nmethod 1898 0x000001ec5c945290 code [0x000001ec5c945420, 0x000001ec5c9456b8]
Event: 560.484 Thread 0x000001ec663ee5a0 1899   !   4       java.nio.charset.Charset::defaultCharset (53 bytes)
Event: 560.485 Thread 0x000001ec663ee5a0 nmethod 1899 0x000001ec5c945890 code [0x000001ec5c945a20, 0x000001ec5c945ab8]
Event: 614.190 Thread 0x000001ec663ee5a0 1900 %     4       java.lang.StringCoding::implEncodeAsciiArray @ 3 (47 bytes)
Event: 614.203 Thread 0x000001ec663ee5a0 nmethod 1900% 0x000001ec5c945b90 code [0x000001ec5c945d20, 0x000001ec5c946198]
Event: 627.208 Thread 0x000001ec663f1c80 1901       3       com.google.common.collect.Lists$ReverseList::listIterator (27 bytes)
Event: 627.209 Thread 0x000001ec663f1c80 nmethod 1901 0x000001ec55115510 code [0x000001ec55115720, 0x000001ec55115da8]
Event: 629.616 Thread 0x000001ec663ee5a0 1902       4       java.util.concurrent.ScheduledThreadPoolExecutor$ScheduledFutureTask::getDelay (16 bytes)
Event: 629.888 Thread 0x000001ec663ee5a0 nmethod 1902 0x000001ec5c946310 code [0x000001ec5c9464a0, 0x000001ec5c9465d8]
Event: 629.888 Thread 0x000001ec663ee5a0 1905       4       org.gradle.internal.logging.console.WorkInProgressRenderer::renderNow (351 bytes)

GC Heap History (6 events):
Event: 2.068 GC heap before
{Heap before GC invocations=0 (full 0):
 garbage-first heap   total 65536K, used 13312K [0x00000000fc000000, 0x0000000100000000)
  region size 1024K, 13 young (13312K), 0 survivors (0K)
 Metaspace       used 1638K, committed 1792K, reserved 1114112K
  class space    used 156K, committed 192K, reserved 1048576K
}
Event: 2.151 GC heap after
{Heap after GC invocations=1 (full 0):
 garbage-first heap   total 65536K, used 1496K [0x00000000fc000000, 0x0000000100000000)
  region size 1024K, 2 young (2048K), 2 survivors (2048K)
 Metaspace       used 1638K, committed 1792K, reserved 1114112K
  class space    used 156K, committed 192K, reserved 1048576K
}
Event: 3.234 GC heap before
{Heap before GC invocations=1 (full 0):
 garbage-first heap   total 65536K, used 17880K [0x00000000fc000000, 0x0000000100000000)
  region size 1024K, 19 young (19456K), 2 survivors (2048K)
 Metaspace       used 1876K, committed 1984K, reserved 1114112K
  class space    used 161K, committed 192K, reserved 1048576K
}
Event: 3.241 GC heap after
{Heap after GC invocations=2 (full 0):
 garbage-first heap   total 65536K, used 5595K [0x00000000fc000000, 0x0000000100000000)
  region size 1024K, 3 young (3072K), 3 survivors (3072K)
 Metaspace       used 1876K, committed 1984K, reserved 1114112K
  class space    used 161K, committed 192K, reserved 1048576K
}
Event: 437.500 GC heap before
{Heap before GC invocations=2 (full 0):
 garbage-first heap   total 65536K, used 45531K [0x00000000fc000000, 0x0000000100000000)
  region size 1024K, 38 young (38912K), 3 survivors (3072K)
 Metaspace       used 9731K, committed 9984K, reserved 1114112K
  class space    used 1261K, committed 1408K, reserved 1048576K
}
Event: 437.583 GC heap after
{Heap after GC invocations=3 (full 0):
 garbage-first heap   total 65536K, used 13399K [0x00000000fc000000, 0x0000000100000000)
  region size 1024K, 5 young (5120K), 5 survivors (5120K)
 Metaspace       used 9731K, committed 9984K, reserved 1114112K
  class space    used 1261K, committed 1408K, reserved 1048576K
}

Dll operation events (13 events):
Event: 0.012 Loaded shared library C:\Program Files\Microsoft\jdk-17.0.16.8-hotspot\bin\java.dll
Event: 0.070 Loaded shared library C:\Program Files\Microsoft\jdk-17.0.16.8-hotspot\bin\jsvml.dll
Event: 0.809 Loaded shared library C:\Program Files\Microsoft\jdk-17.0.16.8-hotspot\bin\net.dll
Event: 0.811 Loaded shared library C:\Program Files\Microsoft\jdk-17.0.16.8-hotspot\bin\nio.dll
Event: 0.835 Loaded shared library C:\Program Files\Microsoft\jdk-17.0.16.8-hotspot\bin\zip.dll
Event: 2.726 Loaded shared library C:\Program Files\Microsoft\jdk-17.0.16.8-hotspot\bin\jimage.dll
Event: 4.353 Loaded shared library C:\Program Files\Microsoft\jdk-17.0.16.8-hotspot\bin\management.dll
Event: 4.413 Loaded shared library C:\Program Files\Microsoft\jdk-17.0.16.8-hotspot\bin\management_ext.dll
Event: 4.637 Loaded shared library C:\Users\admin\.gradle\native\660c5614fbf4a5f2a75b1949f50a0caf5cd603558e7d8a26e50b933a0cfb79d1\windows-amd64\native-platform.dll
Event: 4.979 Loaded shared library C:\Users\admin\.gradle\native\jansi\2.4.2\Windows\x86_64\jansi.dll
Event: 12.874 Loaded shared library C:\Program Files\Microsoft\jdk-17.0.16.8-hotspot\bin\extnet.dll
Event: 14.257 Loaded shared library C:\Program Files\Microsoft\jdk-17.0.16.8-hotspot\bin\sunmscapi.dll
Event: 14.589 Loaded shared library C:\Program Files\Microsoft\jdk-17.0.16.8-hotspot\bin\verify.dll

Deoptimization events (20 events):
Event: 14.270 Thread 0x000001ec4b04e550 Uncommon trap: trap_request=0xffffff45 fr.pc=0x000001ec5c8a23f0 relative=0x00000000000001f0
Event: 14.270 Thread 0x000001ec4b04e550 Uncommon trap: reason=unstable_if action=reinterpret pc=0x000001ec5c8a23f0 method=java.util.HashMap.putVal(ILjava/lang/Object;Ljava/lang/Object;ZZ)Ljava/lang/Object; @ 162 c2
Event: 14.270 Thread 0x000001ec4b04e550 DEOPT PACKING pc=0x000001ec5c8a23f0 sp=0x000000d1731fb2c0
Event: 14.270 Thread 0x000001ec4b04e550 DEOPT UNPACKING pc=0x000001ec5c3269a3 sp=0x000000d1731fb1e8 mode 2
Event: 14.440 Thread 0x000001ec4b04e550 Uncommon trap: trap_request=0xffffffde fr.pc=0x000001ec5c8a891c relative=0x000000000000007c
Event: 14.440 Thread 0x000001ec4b04e550 Uncommon trap: reason=class_check action=maybe_recompile pc=0x000001ec5c8a891c method=java.util.AbstractList$Itr.hasNext()Z @ 8 c2
Event: 14.440 Thread 0x000001ec4b04e550 DEOPT PACKING pc=0x000001ec5c8a891c sp=0x000000d1731fc3e0
Event: 14.440 Thread 0x000001ec4b04e550 DEOPT UNPACKING pc=0x000001ec5c3269a3 sp=0x000000d1731fc378 mode 2
Event: 14.440 Thread 0x000001ec4b04e550 Uncommon trap: trap_request=0xffffffde fr.pc=0x000001ec5c8a8c68 relative=0x00000000000000c8
Event: 14.440 Thread 0x000001ec4b04e550 Uncommon trap: reason=class_check action=maybe_recompile pc=0x000001ec5c8a8c68 method=java.util.AbstractList$Itr.next()Ljava/lang/Object; @ 14 c2
Event: 14.440 Thread 0x000001ec4b04e550 DEOPT PACKING pc=0x000001ec5c8a8c68 sp=0x000000d1731fc3d0
Event: 14.440 Thread 0x000001ec4b04e550 DEOPT UNPACKING pc=0x000001ec5c3269a3 sp=0x000000d1731fc368 mode 2
Event: 14.775 Thread 0x000001ec6b9cd940 Uncommon trap: trap_request=0xffffffde fr.pc=0x000001ec5c8a891c relative=0x000000000000007c
Event: 14.775 Thread 0x000001ec6b9cd940 Uncommon trap: reason=class_check action=maybe_recompile pc=0x000001ec5c8a891c method=java.util.AbstractList$Itr.hasNext()Z @ 8 c2
Event: 14.775 Thread 0x000001ec6b9cd940 DEOPT PACKING pc=0x000001ec5c8a891c sp=0x000000d174afeab0
Event: 14.775 Thread 0x000001ec6b9cd940 DEOPT UNPACKING pc=0x000001ec5c3269a3 sp=0x000000d174afea48 mode 2
Event: 14.775 Thread 0x000001ec6b9cd940 Uncommon trap: trap_request=0xffffffde fr.pc=0x000001ec5c8a8c68 relative=0x00000000000000c8
Event: 14.775 Thread 0x000001ec6b9cd940 Uncommon trap: reason=class_check action=maybe_recompile pc=0x000001ec5c8a8c68 method=java.util.AbstractList$Itr.next()Ljava/lang/Object; @ 14 c2
Event: 14.775 Thread 0x000001ec6b9cd940 DEOPT PACKING pc=0x000001ec5c8a8c68 sp=0x000000d174afeaa0
Event: 14.775 Thread 0x000001ec6b9cd940 DEOPT UNPACKING pc=0x000001ec5c3269a3 sp=0x000000d174afea38 mode 2

Classes loaded (20 events):
Event: 14.516 Loading class sun/nio/ch/SinkChannelImpl
Event: 14.540 Loading class java/nio/channels/Pipe$SinkChannel
Event: 14.540 Loading class java/nio/channels/Pipe$SinkChannel done
Event: 14.541 Loading class sun/nio/ch/SinkChannelImpl done
Event: 14.543 Loading class sun/nio/ch/SelectionKeyImpl
Event: 14.543 Loading class java/nio/channels/spi/AbstractSelectionKey
Event: 14.543 Loading class java/nio/channels/SelectionKey
Event: 14.543 Loading class java/nio/channels/SelectionKey done
Event: 14.543 Loading class java/nio/channels/spi/AbstractSelectionKey done
Event: 14.543 Loading class sun/nio/ch/SelectionKeyImpl done
Event: 14.544 Loading class java/lang/invoke/ConstantBootstraps
Event: 14.563 Loading class java/lang/invoke/ConstantBootstraps done
Event: 14.774 Loading class java/util/AbstractList$ListItr
Event: 14.775 Loading class java/util/AbstractList$ListItr done
Event: 15.103 Loading class java/nio/channels/spi/AbstractSelector$1
Event: 15.104 Loading class java/nio/channels/spi/AbstractSelector$1 done
Event: 15.271 Loading class java/util/concurrent/Executors$FinalizableDelegatedExecutorService
Event: 15.271 Loading class java/util/concurrent/Executors$FinalizableDelegatedExecutorService done
Event: 35.484 Loading class java/util/ArrayList$ListItr
Event: 35.484 Loading class java/util/ArrayList$ListItr done

Classes unloaded (0 events):
No events

Classes redefined (0 events):
No events

Internal exceptions (20 events):
Event: 4.960 Thread 0x000001ec4b04e550 Exception <a 'java/lang/NullPointerException'{0x00000000ff3c1a88}> (0x00000000ff3c1a88) 
thrown [s\src\hotspot\share\interpreter\linkResolver.cpp, line 1350]
Event: 5.016 Thread 0x000001ec4b04e550 Exception <a 'java/lang/NoSuchMethodError'{0x00000000ff3e7300}: 'void java.lang.invoke.DirectMethodHandle$Holder.invokeStatic(java.lang.Object, long, java.lang.Object)'> (0x00000000ff3e7300) 
thrown [s\src\hotspot\share\interpreter\linkResolver.cpp, line 759]
Event: 5.018 Thread 0x000001ec4b04e550 Exception <a 'java/lang/NoSuchMethodError'{0x00000000ff3ed610}: 'java.lang.Object java.lang.invoke.DirectMethodHandle$Holder.newInvokeSpecial(java.lang.Object, long, java.lang.Object)'> (0x00000000ff3ed610) 
thrown [s\src\hotspot\share\interpreter\linkResolver.cpp, line 759]
Event: 5.026 Thread 0x000001ec4b04e550 Exception <a 'java/lang/NullPointerException'{0x00000000ff3f9cd8}> (0x00000000ff3f9cd8) 
thrown [s\src\hotspot\share\interpreter\linkResolver.cpp, line 1350]
Event: 5.026 Thread 0x000001ec4b04e550 Exception <a 'java/lang/NullPointerException'{0x00000000ff3fa258}> (0x00000000ff3fa258) 
thrown [s\src\hotspot\share\interpreter\linkResolver.cpp, line 1350]
Event: 5.026 Thread 0x000001ec4b04e550 Exception <a 'java/lang/NullPointerException'{0x00000000ff3fa7d8}> (0x00000000ff3fa7d8) 
thrown [s\src\hotspot\share\interpreter\linkResolver.cpp, line 1350]
Event: 5.028 Thread 0x000001ec4b04e550 Exception <a 'java/lang/NullPointerException'{0x00000000ff2020b0}> (0x00000000ff2020b0) 
thrown [s\src\hotspot\share\interpreter\linkResolver.cpp, line 1350]
Event: 5.032 Thread 0x000001ec4b04e550 Exception <a 'java/lang/NullPointerException'{0x00000000ff21c298}> (0x00000000ff21c298) 
thrown [s\src\hotspot\share\interpreter\linkResolver.cpp, line 1350]
Event: 5.032 Thread 0x000001ec4b04e550 Exception <a 'java/lang/NullPointerException'{0x00000000ff21c818}> (0x00000000ff21c818) 
thrown [s\src\hotspot\share\interpreter\linkResolver.cpp, line 1350]
Event: 5.032 Thread 0x000001ec4b04e550 Exception <a 'java/lang/NullPointerException'{0x00000000ff21cd98}> (0x00000000ff21cd98) 
thrown [s\src\hotspot\share\interpreter\linkResolver.cpp, line 1350]
Event: 5.032 Thread 0x000001ec4b04e550 Exception <a 'java/lang/NullPointerException'{0x00000000ff21d318}> (0x00000000ff21d318) 
thrown [s\src\hotspot\share\interpreter\linkResolver.cpp, line 1350]
Event: 5.301 Thread 0x000001ec4b04e550 Exception <a 'java/lang/NoSuchMethodError'{0x00000000ff0f9f68}: 'java.lang.Object java.lang.invoke.DirectMethodHandle$Holder.newInvokeSpecial(java.lang.Object, java.lang.Object, java.lang.Object, java.lang.Object, java.lang.Object)'> (0x00000000ff0f9f68) 
thrown [s\src\hotspot\share\interpreter\linkResolver.cpp, line 759]
Event: 5.381 Thread 0x000001ec4b04e550 Exception <a 'java/lang/NoSuchMethodError'{0x00000000feeca128}: 'void java.lang.invoke.DirectMethodHandle$Holder.invokeSpecial(java.lang.Object, java.lang.Object, java.lang.Object)'> (0x00000000feeca128) 
thrown [s\src\hotspot\share\interpreter\linkResolver.cpp, line 759]
Event: 5.386 Thread 0x000001ec4b04e550 Implicit null exception at 0x000001ec5c8b8c0c to 0x000001ec5c8b91d8
Event: 5.430 Thread 0x000001ec4b04e550 Implicit null exception at 0x000001ec5c8a4baf to 0x000001ec5c8a4c29
Event: 12.933 Thread 0x000001ec4b04e550 Exception <a 'java/lang/NoSuchMethodError'{0x00000000fe9ecc78}: 'void java.lang.invoke.DirectMethodHandle$Holder.invokeStatic(java.lang.Object, java.lang.Object, java.lang.Object)'> (0x00000000fe9ecc78) 
thrown [s\src\hotspot\share\interpreter\linkResolver.cpp, line 759]
Event: 13.765 Thread 0x000001ec4b04e550 Exception <a 'java/lang/NoSuchMethodError'{0x00000000fe22c150}: 'java.lang.Object java.lang.invoke.DirectMethodHandle$Holder.invokeStaticInit(java.lang.Object, int, int, int, int)'> (0x00000000fe22c150) 
thrown [s\src\hotspot\share\interpreter\linkResolver.cpp, line 759]
Event: 13.978 Thread 0x000001ec4b04e550 Exception <a 'java/lang/NoSuchMethodError'{0x00000000fe24f2c0}: 'java.lang.Object java.lang.invoke.DirectMethodHandle$Holder.invokeStaticInit(java.lang.Object, java.lang.Object, int, int, int, int)'> (0x00000000fe24f2c0) 
thrown [s\src\hotspot\share\interpreter\linkResolver.cpp, line 759]
Event: 14.065 Thread 0x000001ec4b04e550 Implicit null exception at 0x000001ec5c8b9772 to 0x000001ec5c8b9d8c
Event: 14.066 Thread 0x000001ec4b04e550 Implicit null exception at 0x000001ec5c8c33f2 to 0x000001ec5c8c3a0c

VM Operations (20 events):
Event: 433.114 Executing VM operation: Cleanup
Event: 433.114 Executing VM operation: Cleanup done
Event: 436.131 Executing VM operation: Cleanup
Event: 436.131 Executing VM operation: Cleanup done
Event: 437.496 Executing VM operation: G1CollectForAllocation
Event: 437.583 Executing VM operation: G1CollectForAllocation done
Event: 439.596 Executing VM operation: Cleanup
Event: 439.596 Executing VM operation: Cleanup done
Event: 441.615 Executing VM operation: Cleanup
Event: 441.615 Executing VM operation: Cleanup done
Event: 442.617 Executing VM operation: Cleanup
Event: 442.617 Executing VM operation: Cleanup done
Event: 461.753 Executing VM operation: Cleanup
Event: 461.753 Executing VM operation: Cleanup done
Event: 513.148 Executing VM operation: Cleanup
Event: 513.148 Executing VM operation: Cleanup done
Event: 547.379 Executing VM operation: Cleanup
Event: 547.379 Executing VM operation: Cleanup done
Event: 548.386 Executing VM operation: Cleanup
Event: 548.386 Executing VM operation: Cleanup done

Memory protections (0 events):
No events

Nmethod flushes (0 events):
No events

Events (19 events):
Event: 0.070 Thread 0x000001ec4b04e550 Thread added: 0x000001ec4b04e550
Event: 0.120 Thread 0x000001ec4b04e550 Thread added: 0x000001ec663ce8f0
Event: 0.120 Thread 0x000001ec4b04e550 Thread added: 0x000001ec663cfd80
Event: 0.188 Thread 0x000001ec4b04e550 Thread added: 0x000001ec663e7290
Event: 0.188 Thread 0x000001ec4b04e550 Thread added: 0x000001ec663e9260
Event: 0.188 Thread 0x000001ec4b04e550 Thread added: 0x000001ec663eae30
Event: 0.188 Thread 0x000001ec4b04e550 Thread added: 0x000001ec663ed800
Event: 0.188 Thread 0x000001ec4b04e550 Thread added: 0x000001ec663ee5a0
Event: 0.201 Thread 0x000001ec4b04e550 Thread added: 0x000001ec663f1c80
Event: 0.301 Thread 0x000001ec4b04e550 Thread added: 0x000001ec66461d40
Event: 0.581 Thread 0x000001ec4b04e550 Thread added: 0x000001ec664c07a0
Event: 0.585 Thread 0x000001ec4b04e550 Thread added: 0x000001ec664c34e0
Event: 2.553 Thread 0x000001ec663f1c80 Thread added: 0x000001ec66696480
Event: 2.971 Thread 0x000001ec66696480 Thread exited: 0x000001ec66696480
Event: 4.966 Thread 0x000001ec4b04e550 Thread added: 0x000001ec6ba24c10
Event: 5.127 Thread 0x000001ec4b04e550 Thread added: 0x000001ec6b9cd940
Event: 11.942 Thread 0x000001ec6ba24c10 Thread exited: 0x000001ec6ba24c10
Event: 14.292 Thread 0x000001ec663f1c80 Thread added: 0x000001ec6b885ff0
Event: 14.428 Thread 0x000001ec6b885ff0 Thread exited: 0x000001ec6b885ff0


Dynamic libraries:
0x00007ff6306f0000 - 0x00007ff6306fe000 	C:\Program Files\Microsoft\jdk-17.0.16.8-hotspot\bin\java.exe
0x00007ffa48f10000 - 0x00007ffa49108000 	C:\Windows\SYSTEM32\ntdll.dll
0x00007ffa48e00000 - 0x00007ffa48ec2000 	C:\Windows\System32\KERNEL32.DLL
0x00007ffa46750000 - 0x00007ffa46a46000 	C:\Windows\System32\KERNELBASE.dll
0x00007ffa46e30000 - 0x00007ffa46f30000 	C:\Windows\System32\ucrtbase.dll
0x00007ffa3d670000 - 0x00007ffa3d688000 	C:\Program Files\Microsoft\jdk-17.0.16.8-hotspot\bin\jli.dll
0x00007ffa48b20000 - 0x00007ffa48cc1000 	C:\Windows\System32\USER32.dll
0x00007ffa46cd0000 - 0x00007ffa46cf2000 	C:\Windows\System32\win32u.dll
0x00007ffa47cc0000 - 0x00007ffa47ceb000 	C:\Windows\System32\GDI32.dll
0x00007ffa46b00000 - 0x00007ffa46c19000 	C:\Windows\System32\gdi32full.dll
0x00007ffa46d00000 - 0x00007ffa46d9d000 	C:\Windows\System32\msvcp_win.dll
0x00007ffa3cf10000 - 0x00007ffa3cf2e000 	C:\Program Files\Microsoft\jdk-17.0.16.8-hotspot\bin\VCRUNTIME140.dll
0x00007ffa303a0000 - 0x00007ffa3063b000 	C:\Windows\WinSxS\amd64_microsoft.windows.common-controls_6595b64144ccf1df_6.0.19041.6456_none_60b8a6cb71f64256\COMCTL32.dll
0x00007ffa47130000 - 0x00007ffa471ce000 	C:\Windows\System32\msvcrt.dll
0x00007ffa48680000 - 0x00007ffa486af000 	C:\Windows\System32\IMM32.DLL
0x00007ffa401a0000 - 0x00007ffa401ac000 	C:\Program Files\Microsoft\jdk-17.0.16.8-hotspot\bin\vcruntime140_1.dll
0x00007ffa2f6f0000 - 0x00007ffa2f779000 	C:\Program Files\Microsoft\jdk-17.0.16.8-hotspot\bin\msvcp140.dll
0x00007ff9f88a0000 - 0x00007ff9f951a000 	C:\Program Files\Microsoft\jdk-17.0.16.8-hotspot\bin\server\jvm.dll
0x00007ffa471e0000 - 0x00007ffa47291000 	C:\Windows\System32\ADVAPI32.dll
0x00007ffa47cf0000 - 0x00007ffa47d8f000 	C:\Windows\System32\sechost.dll
0x00007ffa484f0000 - 0x00007ffa48610000 	C:\Windows\System32\RPCRT4.dll
0x00007ffa46ad0000 - 0x00007ffa46af7000 	C:\Windows\System32\bcrypt.dll
0x00007ffa47e20000 - 0x00007ffa47e8b000 	C:\Windows\System32\WS2_32.dll
0x00007ffa46400000 - 0x00007ffa4644b000 	C:\Windows\SYSTEM32\POWRPROF.dll
0x00007ffa2c780000 - 0x00007ffa2c7a7000 	C:\Windows\SYSTEM32\WINMM.dll
0x00007ffa3b980000 - 0x00007ffa3b98a000 	C:\Windows\SYSTEM32\VERSION.dll
0x00007ffa463e0000 - 0x00007ffa463f2000 	C:\Windows\SYSTEM32\UMPDC.dll
0x00007ffa44db0000 - 0x00007ffa44dc2000 	C:\Windows\SYSTEM32\kernel.appcore.dll
0x00007ffa3f100000 - 0x00007ffa3f10a000 	C:\Program Files\Microsoft\jdk-17.0.16.8-hotspot\bin\jimage.dll
0x00007ffa412a0000 - 0x00007ffa414a1000 	C:\Windows\SYSTEM32\DBGHELP.DLL
0x00007ffa2a0e0000 - 0x00007ffa2a114000 	C:\Windows\SYSTEM32\dbgcore.DLL
0x00007ffa46da0000 - 0x00007ffa46e22000 	C:\Windows\System32\bcryptPrimitives.dll
0x00007ffa3ca70000 - 0x00007ffa3ca96000 	C:\Program Files\Microsoft\jdk-17.0.16.8-hotspot\bin\java.dll
0x00007ffa1eb40000 - 0x00007ffa1ec16000 	C:\Program Files\Microsoft\jdk-17.0.16.8-hotspot\bin\jsvml.dll
0x00007ffa474f0000 - 0x00007ffa47c60000 	C:\Windows\System32\SHELL32.dll
0x00007ffa414b0000 - 0x00007ffa41c55000 	C:\Windows\SYSTEM32\windows.storage.dll
0x00007ffa48060000 - 0x00007ffa483b4000 	C:\Windows\System32\combase.dll
0x00007ffa45ef0000 - 0x00007ffa45f1b000 	C:\Windows\SYSTEM32\Wldp.dll
0x00007ffa48420000 - 0x00007ffa484ed000 	C:\Windows\System32\OLEAUT32.dll
0x00007ffa48cd0000 - 0x00007ffa48d7d000 	C:\Windows\System32\SHCORE.dll
0x00007ffa47480000 - 0x00007ffa474db000 	C:\Windows\System32\shlwapi.dll
0x00007ffa464d0000 - 0x00007ffa464f4000 	C:\Windows\SYSTEM32\profapi.dll
0x00007ffa3b4f0000 - 0x00007ffa3b50b000 	C:\Program Files\Microsoft\jdk-17.0.16.8-hotspot\bin\net.dll
0x00007ffa39450000 - 0x00007ffa3955a000 	C:\Windows\SYSTEM32\WINHTTP.dll
0x00007ffa45c50000 - 0x00007ffa45cba000 	C:\Windows\system32\mswsock.dll
0x00007ffa3b350000 - 0x00007ffa3b366000 	C:\Program Files\Microsoft\jdk-17.0.16.8-hotspot\bin\nio.dll
0x00007ffa3bc30000 - 0x00007ffa3bc48000 	C:\Program Files\Microsoft\jdk-17.0.16.8-hotspot\bin\zip.dll
0x00007ffa3c9c0000 - 0x00007ffa3c9ca000 	C:\Program Files\Microsoft\jdk-17.0.16.8-hotspot\bin\management.dll
0x00007ffa3bc20000 - 0x00007ffa3bc2c000 	C:\Program Files\Microsoft\jdk-17.0.16.8-hotspot\bin\management_ext.dll
0x00007ffa48670000 - 0x00007ffa48678000 	C:\Windows\System32\PSAPI.DLL
0x00007ffa3bbf0000 - 0x00007ffa3bc17000 	C:\Users\admin\.gradle\native\660c5614fbf4a5f2a75b1949f50a0caf5cd603558e7d8a26e50b933a0cfb79d1\windows-amd64\native-platform.dll
0x00007ffa3b6c0000 - 0x00007ffa3b6e4000 	C:\Users\admin\.gradle\native\jansi\2.4.2\Windows\x86_64\jansi.dll
0x00007ffa45930000 - 0x00007ffa4596b000 	C:\Windows\SYSTEM32\IPHLPAPI.DLL
0x00007ffa474e0000 - 0x00007ffa474e8000 	C:\Windows\System32\NSI.dll
0x00007ffa3a360000 - 0x00007ffa3a377000 	C:\Windows\SYSTEM32\dhcpcsvc6.DLL
0x00007ffa3be20000 - 0x00007ffa3be3d000 	C:\Windows\SYSTEM32\dhcpcsvc.DLL
0x00007ffa45970000 - 0x00007ffa45a3a000 	C:\Windows\SYSTEM32\DNSAPI.dll
0x00007ffa3bbe0000 - 0x00007ffa3bbe9000 	C:\Program Files\Microsoft\jdk-17.0.16.8-hotspot\bin\extnet.dll
0x00007ffa45e40000 - 0x00007ffa45e58000 	C:\Windows\SYSTEM32\CRYPTSP.dll
0x00007ffa45570000 - 0x00007ffa455a8000 	C:\Windows\system32\rsaenh.dll
0x00007ffa46450000 - 0x00007ffa4647e000 	C:\Windows\SYSTEM32\USERENV.dll
0x00007ffa45e60000 - 0x00007ffa45e6c000 	C:\Windows\SYSTEM32\CRYPTBASE.dll
0x00007ffa3b060000 - 0x00007ffa3b06e000 	C:\Program Files\Microsoft\jdk-17.0.16.8-hotspot\bin\sunmscapi.dll
0x00007ffa465f0000 - 0x00007ffa4674d000 	C:\Windows\System32\CRYPT32.dll
0x00007ffa45f60000 - 0x00007ffa45f87000 	C:\Windows\SYSTEM32\ncrypt.dll
0x00007ffa45f20000 - 0x00007ffa45f5b000 	C:\Windows\SYSTEM32\NTASN1.dll
0x00007ffa30640000 - 0x00007ffa30647000 	C:\Windows\system32\wshunix.dll
0x00007ffa3d250000 - 0x00007ffa3d260000 	C:\Program Files\Microsoft\jdk-17.0.16.8-hotspot\bin\verify.dll

dbghelp: loaded successfully - version: 4.0.5 - missing functions: none
symbol engine: initialized successfully - sym options: 0x614 - pdb path: .;C:\Program Files\Microsoft\jdk-17.0.16.8-hotspot\bin;C:\Windows\SYSTEM32;C:\Windows\WinSxS\amd64_microsoft.windows.common-controls_6595b64144ccf1df_6.0.19041.6456_none_60b8a6cb71f64256;C:\Program Files\Microsoft\jdk-17.0.16.8-hotspot\bin\server;C:\Users\admin\.gradle\native\660c5614fbf4a5f2a75b1949f50a0caf5cd603558e7d8a26e50b933a0cfb79d1\windows-amd64;C:\Users\admin\.gradle\native\jansi\2.4.2\Windows\x86_64

VM Arguments:
jvm_args: -Xmx64m -Xms64m -Dorg.gradle.appname=gradlew 
java_command: C:\Users\admin\Desktop\hardware-showcase\kp-hardware\android\\gradle\wrapper\gradle-wrapper.jar app:installDebug -PreactNativeDevServerPort=8081
java_class_path (initial): C:\Users\admin\Desktop\hardware-showcase\kp-hardware\android\\gradle\wrapper\gradle-wrapper.jar
Launcher Type: SUN_STANDARD

[Global flags]
     intx CICompilerCount                          = 3                                         {product} {ergonomic}
     uint ConcGCThreads                            = 1                                         {product} {ergonomic}
     uint G1ConcRefinementThreads                  = 4                                         {product} {ergonomic}
   size_t G1HeapRegionSize                         = 1048576                                   {product} {ergonomic}
    uintx GCDrainStackTargetSize                   = 64                                        {product} {ergonomic}
   size_t InitialHeapSize                          = 67108864                                  {product} {command line}
   size_t MarkStackSize                            = 4194304                                   {product} {ergonomic}
   size_t MaxHeapSize                              = 67108864                                  {product} {command line}
   size_t MaxNewSize                               = 39845888                                  {product} {ergonomic}
   size_t MinHeapDeltaBytes                        = 1048576                                   {product} {ergonomic}
   size_t MinHeapSize                              = 67108864                                  {product} {command line}
    uintx NonNMethodCodeHeapSize                   = 5832780                                {pd product} {ergonomic}
    uintx NonProfiledCodeHeapSize                  = 122912730                              {pd product} {ergonomic}
    uintx ProfiledCodeHeapSize                     = 122912730                              {pd product} {ergonomic}
    uintx ReservedCodeCacheSize                    = 251658240                              {pd product} {ergonomic}
     bool SegmentedCodeCache                       = true                                      {product} {ergonomic}
   size_t SoftMaxHeapSize                          = 67108864                               {manageable} {ergonomic}
     bool UseCompressedClassPointers               = true                           {product lp64_product} {ergonomic}
     bool UseCompressedOops                        = true                           {product lp64_product} {ergonomic}
     bool UseG1GC                                  = true                                      {product} {ergonomic}
     bool UseLargePagesIndividualAllocation        = false                                  {pd product} {ergonomic}

Logging:
Log output configuration:
 #0: stdout all=warning uptime,level,tags
 #1: stderr all=off uptime,level,tags

Environment Variables:
JAVA_HOME=C:\Program Files\Microsoft\jdk-17.0.16.8-hotspot\
PATH=C:\Users\admin\Desktop\hardware-showcase\kp-hardware\node_modules\.bin;C:\Users\admin\Desktop\hardware-showcase\node_modules\.bin;C:\Users\admin\Desktop\node_modules\.bin;C:\Users\admin\node_modules\.bin;C:\Users\node_modules\.bin;C:\node_modules\.bin;C:\Program Files\nodejs\node_modules\npm\node_modules\@npmcli\run-script\lib\node-gyp-bin;C:\Program Files\Microsoft\jdk-17.0.16.8-hotspot\bin;C:\Program Files\Common Files\Oracle\Java\javapath;C:\Program Files\Eclipse Adoptium\jdk-8.0.382.5-hotspot\bin;C:\Users\admin\AppData\Local\Programs\Python\Python311\Scripts\;C:\Users\admin\AppData\Local\Programs\Python\Python311\;C:\Windows\system32;C:\Windows;C:\Windows\System32\Wbem;C:\Windows\System32\WindowsPowerShell\v1.0\;C:\Windows\System32\OpenSSH\;C:\MinGW\bin;C:\Program Files\dotnet\;C:\ProgramData\chocolatey\bin;C:\Program Files\Java\jdk-21\bin;C:\Program Files\Git\cmd;C:\Program Files\nodejs\;C:\Users\admin\AppData\Local\Microsoft\WindowsApps;C:\Users\admin\AppData\Local\Programs\Microsoft VS Code\bin;C:\MinGW\bin;C:\Users\admin\AppData\Local\Programs\mongosh\;C:\Users\admin\AppData\Roaming\npm;C:\Users\admin\AppData\Local\Android\Sdk\platform-tools;C:\Users\admin\AppData\Local\Android\Sdk\emulator;C:\Users\admin\AppData\Local\Programs\Antigravity\bin
USERNAME=admin
LANG=en_US.UTF-8
OS=Windows_NT
PROCESSOR_IDENTIFIER=Intel64 Family 6 Model 78 Stepping 3, GenuineIntel
TMP=C:\Users\admin\AppData\Local\Temp
TEMP=C:\Users\admin\AppData\Local\Temp



Periodic native trim disabled


---------------  S Y S T E M  ---------------

OS:
 Windows 10 , 64 bit Build 19041 (10.0.19041.5915)
OS uptime: 33 days 20:04 hours

CPU: total 4 (initial active 4) (2 cores per cpu, 2 threads per core) family 6 model 78 stepping 3 microcode 0xd4, cx8, cmov, fxsr, ht, mmx, 3dnowpref, sse, sse2, sse3, ssse3, sse4.1, sse4.2, popcnt, lzcnt, tsc, tscinvbit, avx, avx2, aes, erms, clmul, bmi1, bmi2, rtm, adx, fma, vzeroupper, clflush, clflushopt
Processor Information for the first 4 processors :
  Max Mhz: 2496, Current Mhz: 2396, Mhz Limit: 2396

Memory: 4k page, system-wide physical 8071M (561M free)
TotalPageFile size 20871M (AvailPageFile size 89M)
current process WorkingSet (physical memory assigned to process): 44M, peak: 97M
current process commit charge ("private bytes"): 167M, peak: 168M

vm_info: OpenJDK 64-Bit Server VM (17.0.16+8-LTS) for windows-amd64 JRE (17.0.16+8-LTS), built on Jul 10 2025 00:24:24 by "MicrosoftCorporation" with unknown MS VC++:1944

END.
